#
# There is insufficient memory for the Java Runtime Environment to continue.
# Native memory allocation (malloc) failed to allocate 262160 bytes for Chunk::new
# Possible reasons:
#   The system is out of physical RAM or swap space
#   In 32 bit mode, the process size limit was hit
# Possible solutions:
#   Reduce memory load on the system
#   Increase physical memory or swap space
#   Check if swap backing store is full
#   Use 64 bit Java on a 64 bit OS
#   Decrease Java heap size (-Xmx/-Xms)
#   Decrease number of Java threads
#   Decrease Java thread stack sizes (-Xss)
#   Set larger code cache with -XX:ReservedCodeCacheSize=
# This output file may be truncated or incomplete.
#
#  Out of Memory Error (allocation.cpp:390), pid=5580, tid=0x000000000000175c
#
# JRE version: OpenJDK Runtime Environment (8.0_152-b01) (build 1.8.0_152-release-1343-b01)
# Java VM: OpenJDK 64-Bit Server VM (25.152-b01 mixed mode windows-amd64 compressed oops)
# Failed to write core dump. Minidumps are not enabled by default on client versions of Windows
#

---------------  T H R E A D  ---------------

Current thread (0x0000000016a19800):  JavaThread "C2 CompilerThread0" daemon [_thread_in_native, id=5980, stack(0x0000000017fa0000,0x00000000180a0000)]

Stack: [0x0000000017fa0000,0x00000000180a0000]
[error occurred during error reporting (printing stack bounds), id 0xc0000005]

Native frames: (J=compiled Java code, j=interpreted, Vv=VM code, C=native code)


Current CompileTask:
C2:   2818 1381       4       java.net.URLClassLoader$1::run (5 bytes)


---------------  P R O C E S S  ---------------

Java Threads: ( => current thread )
  0x0000000019af1800 JavaThread "Cache worker for journal cache (C:\Users\Deadpool\.gradle\caches\journal-1)" [_thread_blocked, id=11116, stack(0x000000001b3f0000,0x000000001b4f0000)]
  0x0000000019aef000 JavaThread "File lock request listener" [_thread_in_native, id=8868, stack(0x000000001b2f0000,0x000000001b3f0000)]
  0x0000000019ae8000 JavaThread "Cache worker for file hash cache (C:\Users\Deadpool\.gradle\caches\5.1.1\fileHashes)" [_thread_blocked, id=12012, stack(0x000000001b1f0000,0x000000001b2f0000)]
  0x00000000195bb800 JavaThread "Thread-8" [_thread_blocked, id=12296, stack(0x000000001b0f0000,0x000000001b1f0000)]
  0x0000000019a83000 JavaThread "Stdin handler" [_thread_blocked, id=5752, stack(0x000000001aff0000,0x000000001b0f0000)]
  0x0000000019a82000 JavaThread "Asynchronous log dispatcher for DefaultDaemonConnection: socket connection from /127.0.0.1:53768 to /127.0.0.1:53769" [_thread_blocked, id=8816, stack(0x000000001aef0000,0x000000001aff0000)]
  0x00000000195c4000 JavaThread "Daemon worker" [_thread_in_vm, id=12592, stack(0x000000001adf0000,0x000000001aef0000)]
  0x00000000195c3000 JavaThread "Cancel handler" [_thread_blocked, id=11960, stack(0x000000001acf0000,0x000000001adf0000)]
  0x00000000195a5800 JavaThread "Handler for socket connection from /127.0.0.1:53768 to /127.0.0.1:53769" [_thread_in_native, id=8268, stack(0x000000001a9f0000,0x000000001aaf0000)]
  0x000000001957f800 JavaThread "Daemon" [_thread_blocked, id=8312, stack(0x000000001a8f0000,0x000000001a9f0000)]
  0x000000001957a000 JavaThread "Daemon periodic checks" [_thread_blocked, id=1488, stack(0x000000001a7f0000,0x000000001a8f0000)]
  0x00000000197de000 JavaThread "Incoming local TCP Connector on port 53768" [_thread_in_native, id=11044, stack(0x000000001a5b0000,0x000000001a6b0000)]
  0x00000000182d0800 JavaThread "Service Thread" daemon [_thread_blocked, id=8332, stack(0x00000000186a0000,0x00000000187a0000)]
  0x0000000016a21800 JavaThread "C1 CompilerThread2" daemon [_thread_in_native, id=4544, stack(0x00000000181a0000,0x00000000182a0000)]
  0x0000000016a1d800 JavaThread "C2 CompilerThread1" daemon [_thread_in_native, id=8660, stack(0x00000000180a0000,0x00000000181a0000)]
=>0x0000000016a19800 JavaThread "C2 CompilerThread0" daemon [_thread_in_native, id=5980, stack(0x0000000017fa0000,0x00000000180a0000)]
  0x0000000016a27800 JavaThread "Attach Listener" daemon [_thread_blocked, id=5284, stack(0x0000000017ea0000,0x0000000017fa0000)]
  0x0000000016a26000 JavaThread "Signal Dispatcher" daemon [_thread_blocked, id=4500, stack(0x0000000017da0000,0x0000000017ea0000)]
  0x0000000016a09800 JavaThread "Finalizer" daemon [_thread_blocked, id=9968, stack(0x0000000017ca0000,0x0000000017da0000)]
  0x0000000002fc2000 JavaThread "Reference Handler" daemon [_thread_blocked, id=5664, stack(0x0000000017ba0000,0x0000000017ca0000)]
  0x00000000030ae800 JavaThread "main" [_thread_blocked, id=2664, stack(0x0000000002d10000,0x0000000002e10000)]

Other Threads:
  0x00000000169e6000 VMThread [stack: 0x0000000017aa0000,0x0000000017ba0000] [id=10568]
  0x00000000182d3000 WatcherThread [stack: 0x00000000187a0000,0x00000000188a0000] [id=10692]

VM state:not at safepoint (normal execution)

VM Mutex/Monitor currently owned by a thread: None

Heap:
 PSYoungGen      total 18944K, used 15838K [0x00000000e0000000, 0x00000000e1500000, 0x0000000100000000)
  eden space 16384K, 81% used [0x00000000e0000000,0x00000000e0cff808,0x00000000e1000000)
  from space 2560K, 98% used [0x00000000e1280000,0x00000000e14f8020,0x00000000e1500000)
  to   space 2560K, 0% used [0x00000000e1000000,0x00000000e1000000,0x00000000e1280000)
 ParOldGen       total 44032K, used 5896K [0x00000000a0000000, 0x00000000a2b00000, 0x00000000e0000000)
  object space 44032K, 13% used [0x00000000a0000000,0x00000000a05c2338,0x00000000a2b00000)
 Metaspace       used 14431K, capacity 14722K, committed 14976K, reserved 1062912K
  class space    used 2024K, capacity 2159K, committed 2176K, reserved 1048576K

Card table byte_map: [0x0000000012470000,0x0000000012780000] byte_map_base: 0x0000000011f70000

Marking Bits: (ParMarkBitMap*) 0x000000006afc5aa0
 Begin Bits: [0x0000000012d80000, 0x0000000014580000)
 End Bits:   [0x0000000014580000, 0x0000000015d80000)

Polling page: 0x0000000000ed0000

CodeCache: size=245760Kb used=4987Kb max_used=4987Kb free=240772Kb
 bounds [0x00000000030b0000, 0x00000000035a0000, 0x00000000120b0000]
 total_blobs=1776 nmethods=1398 adapters=292
 compilation: enabled

Compilation events (10 events):
Event: 2.791 Thread 0x0000000016a21800 nmethod 1390 0x000000000358ebd0 code [0x000000000358ed60, 0x000000000358f148]
Event: 2.802 Thread 0x0000000016a21800 1391       1       java.util.HashMap::afterNodeAccess (1 bytes)
Event: 2.802 Thread 0x0000000016a21800 nmethod 1391 0x000000000358e910 code [0x000000000358ea60, 0x000000000358eb70]
Event: 2.815 Thread 0x0000000016a21800 1393       1       sun.reflect.generics.tree.ClassTypeSignature::getPath (5 bytes)
Event: 2.815 Thread 0x0000000016a21800 nmethod 1393 0x000000000358e290 code [0x000000000358e3e0, 0x000000000358e4f0]
Event: 2.815 Thread 0x0000000016a21800 1394       1       sun.reflect.generics.tree.SimpleClassTypeSignature::getName (5 bytes)
Event: 2.815 Thread 0x0000000016a21800 nmethod 1394 0x000000000358dfd0 code [0x000000000358e120, 0x000000000358e230]
Event: 2.815 Thread 0x0000000016a21800 1395       1       sun.reflect.generics.tree.SimpleClassTypeSignature::getDollar (5 bytes)
Event: 2.815 Thread 0x0000000016a21800 nmethod 1395 0x000000000358dd10 code [0x000000000358de60, 0x000000000358df70]
Event: 2.816 Thread 0x0000000016a21800 1396       3       java.util.ArrayList::toArray (60 bytes)

GC Heap History (10 events):
Event: 1.062 GC heap before
{Heap before GC invocations=2 (full 0):
 PSYoungGen      total 18944K, used 18941K [0x00000000e0000000, 0x00000000e1500000, 0x0000000100000000)
  eden space 16384K, 100% used [0x00000000e0000000,0x00000000e1000000,0x00000000e1000000)
  from space 2560K, 99% used [0x00000000e1000000,0x00000000e127f658,0x00000000e1280000)
  to   space 2560K, 0% used [0x00000000e1280000,0x00000000e1280000,0x00000000e1500000)
 ParOldGen       total 44032K, used 186K [0x00000000a0000000, 0x00000000a2b00000, 0x00000000e0000000)
  object space 44032K, 0% used [0x00000000a0000000,0x00000000a002eb80,0x00000000a2b00000)
 Metaspace       used 6614K, capacity 6734K, committed 7040K, reserved 1056768K
  class space    used 804K, capacity 843K, committed 896K, reserved 1048576K
Event: 1.065 GC heap after
Heap after GC invocations=2 (full 0):
 PSYoungGen      total 18944K, used 2547K [0x00000000e0000000, 0x00000000e1500000, 0x0000000100000000)
  eden space 16384K, 0% used [0x00000000e0000000,0x00000000e0000000,0x00000000e1000000)
  from space 2560K, 99% used [0x00000000e1280000,0x00000000e14fce70,0x00000000e1500000)
  to   space 2560K, 0% used [0x00000000e1000000,0x00000000e1000000,0x00000000e1280000)
 ParOldGen       total 44032K, used 363K [0x00000000a0000000, 0x00000000a2b00000, 0x00000000e0000000)
  object space 44032K, 0% used [0x00000000a0000000,0x00000000a005ad80,0x00000000a2b00000)
 Metaspace       used 6614K, capacity 6734K, committed 7040K, reserved 1056768K
  class space    used 804K, capacity 843K, committed 896K, reserved 1048576K
}
Event: 1.403 GC heap before
{Heap before GC invocations=3 (full 0):
 PSYoungGen      total 18944K, used 18931K [0x00000000e0000000, 0x00000000e1500000, 0x0000000100000000)
  eden space 16384K, 100% used [0x00000000e0000000,0x00000000e1000000,0x00000000e1000000)
  from space 2560K, 99% used [0x00000000e1280000,0x00000000e14fce70,0x00000000e1500000)
  to   space 2560K, 0% used [0x00000000e1000000,0x00000000e1000000,0x00000000e1280000)
 ParOldGen       total 44032K, used 363K [0x00000000a0000000, 0x00000000a2b00000, 0x00000000e0000000)
  object space 44032K, 0% used [0x00000000a0000000,0x00000000a005ad80,0x00000000a2b00000)
 Metaspace       used 6807K, capacity 7014K, committed 7168K, reserved 1056768K
  class space    used 831K, capacity 915K, committed 1024K, reserved 1048576K
Event: 1.407 GC heap after
Heap after GC invocations=3 (full 0):
 PSYoungGen      total 18944K, used 2553K [0x00000000e0000000, 0x00000000e1500000, 0x0000000100000000)
  eden space 16384K, 0% used [0x00000000e0000000,0x00000000e0000000,0x00000000e1000000)
  from space 2560K, 99% used [0x00000000e1000000,0x00000000e127e460,0x00000000e1280000)
  to   space 2560K, 0% used [0x00000000e1280000,0x00000000e1280000,0x00000000e1500000)
 ParOldGen       total 44032K, used 595K [0x00000000a0000000, 0x00000000a2b00000, 0x00000000e0000000)
  object space 44032K, 1% used [0x00000000a0000000,0x00000000a0094c38,0x00000000a2b00000)
 Metaspace       used 6807K, capacity 7014K, committed 7168K, reserved 1056768K
  class space    used 831K, capacity 915K, committed 1024K, reserved 1048576K
}
Event: 1.604 GC heap before
{Heap before GC invocations=4 (full 0):
 PSYoungGen      total 18944K, used 18937K [0x00000000e0000000, 0x00000000e1500000, 0x0000000100000000)
  eden space 16384K, 100% used [0x00000000e0000000,0x00000000e1000000,0x00000000e1000000)
  from space 2560K, 99% used [0x00000000e1000000,0x00000000e127e460,0x00000000e1280000)
  to   space 2560K, 0% used [0x00000000e1280000,0x00000000e1280000,0x00000000e1500000)
 ParOldGen       total 44032K, used 595K [0x00000000a0000000, 0x00000000a2b00000, 0x00000000e0000000)
  object space 44032K, 1% used [0x00000000a0000000,0x00000000a0094c38,0x00000000a2b00000)
 Metaspace       used 8775K, capacity 9006K, committed 9216K, reserved 1056768K
  class space    used 1138K, capacity 1207K, committed 1280K, reserved 1048576K
Event: 1.610 GC heap after
Heap after GC invocations=4 (full 0):
 PSYoungGen      total 18944K, used 2528K [0x00000000e0000000, 0x00000000e1500000, 0x0000000100000000)
  eden space 16384K, 0% used [0x00000000e0000000,0x00000000e0000000,0x00000000e1000000)
  from space 2560K, 98% used [0x00000000e1280000,0x00000000e14f8020,0x00000000e1500000)
  to   space 2560K, 0% used [0x00000000e1000000,0x00000000e1000000,0x00000000e1280000)
 ParOldGen       total 44032K, used 1911K [0x00000000a0000000, 0x00000000a2b00000, 0x00000000e0000000)
  object space 44032K, 4% used [0x00000000a0000000,0x00000000a01ddd70,0x00000000a2b00000)
 Metaspace       used 8775K, capacity 9006K, committed 9216K, reserved 1056768K
  class space    used 1138K, capacity 1207K, committed 1280K, reserved 1048576K
}
Event: 2.486 GC heap before
{Heap before GC invocations=5 (full 0):
 PSYoungGen      total 18944K, used 18912K [0x00000000e0000000, 0x00000000e1500000, 0x0000000100000000)
  eden space 16384K, 100% used [0x00000000e0000000,0x00000000e1000000,0x00000000e1000000)
  from space 2560K, 98% used [0x00000000e1280000,0x00000000e14f8020,0x00000000e1500000)
  to   space 2560K, 0% used [0x00000000e1000000,0x00000000e1000000,0x00000000e1280000)
 ParOldGen       total 44032K, used 1911K [0x00000000a0000000, 0x00000000a2b00000, 0x00000000e0000000)
  object space 44032K, 4% used [0x00000000a0000000,0x00000000a01ddd70,0x00000000a2b00000)
 Metaspace       used 12143K, capacity 12472K, committed 12544K, reserved 1060864K
  class space    used 1633K, capacity 1770K, committed 1792K, reserved 1048576K
Event: 2.495 GC heap after
Heap after GC invocations=5 (full 0):
 PSYoungGen      total 18944K, used 2560K [0x00000000e0000000, 0x00000000e1500000, 0x0000000100000000)
  eden space 16384K, 0% used [0x00000000e0000000,0x00000000e0000000,0x00000000e1000000)
  from space 2560K, 100% used [0x00000000e1000000,0x00000000e1280000,0x00000000e1280000)
  to   space 2560K, 0% used [0x00000000e1280000,0x00000000e1280000,0x00000000e1500000)
 ParOldGen       total 44032K, used 4272K [0x00000000a0000000, 0x00000000a2b00000, 0x00000000e0000000)
  object space 44032K, 9% used [0x00000000a0000000,0x00000000a042c2b8,0x00000000a2b00000)
 Metaspace       used 12143K, capacity 12472K, committed 12544K, reserved 1060864K
  class space    used 1633K, capacity 1770K, committed 1792K, reserved 1048576K
}
Event: 2.687 GC heap before
{Heap before GC invocations=6 (full 0):
 PSYoungGen      total 18944K, used 18944K [0x00000000e0000000, 0x00000000e1500000, 0x0000000100000000)
  eden space 16384K, 100% used [0x00000000e0000000,0x00000000e1000000,0x00000000e1000000)
  from space 2560K, 100% used [0x00000000e1000000,0x00000000e1280000,0x00000000e1280000)
  to   space 2560K, 0% used [0x00000000e1280000,0x00000000e1280000,0x00000000e1500000)
 ParOldGen       total 44032K, used 4272K [0x00000000a0000000, 0x00000000a2b00000, 0x00000000e0000000)
  object space 44032K, 9% used [0x00000000a0000000,0x00000000a042c2b8,0x00000000a2b00000)
 Metaspace       used 13387K, capacity 13728K, committed 13824K, reserved 1060864K
  class space    used 1837K, capacity 1998K, committed 2048K, reserved 1048576K
Event: 2.694 GC heap after
Heap after GC invocations=6 (full 0):
 PSYoungGen      total 18944K, used 2528K [0x00000000e0000000, 0x00000000e1500000, 0x0000000100000000)
  eden space 16384K, 0% used [0x00000000e0000000,0x00000000e0000000,0x00000000e1000000)
  from space 2560K, 98% used [0x00000000e1280000,0x00000000e14f8020,0x00000000e1500000)
  to   space 2560K, 0% used [0x00000000e1000000,0x00000000e1000000,0x00000000e1280000)
 ParOldGen       total 44032K, used 5896K [0x00000000a0000000, 0x00000000a2b00000, 0x00000000e0000000)
  object space 44032K, 13% used [0x00000000a0000000,0x00000000a05c2338,0x00000000a2b00000)
 Metaspace       used 13387K, capacity 13728K, committed 13824K, reserved 1060864K
  class space    used 1837K, capacity 1998K, committed 2048K, reserved 1048576K
}

Deoptimization events (10 events):
Event: 1.869 Thread 0x00000000030ae800 Uncommon trap: reason=unstable_if action=reinterpret pc=0x00000000033eb328 method=java.io.WinNTFileSystem.normalize(Ljava/lang/String;II)Ljava/lang/String; @ 90
Event: 2.327 Thread 0x00000000195a5800 Uncommon trap: reason=unstable_if action=reinterpret pc=0x000000000346d030 method=java.util.concurrent.ConcurrentHashMap.putVal(Ljava/lang/Object;Ljava/lang/Object;Z)Ljava/lang/Object; @ 206
Event: 2.402 Thread 0x00000000195c4000 Uncommon trap: reason=bimorphic action=maybe_recompile pc=0x00000000033490ac method=java.util.HashMap.putVal(ILjava/lang/Object;Ljava/lang/Object;ZZ)Ljava/lang/Object; @ 253
Event: 2.402 Thread 0x00000000195c4000 Uncommon trap: reason=bimorphic action=maybe_recompile pc=0x00000000033490ac method=java.util.HashMap.putVal(ILjava/lang/Object;Ljava/lang/Object;ZZ)Ljava/lang/Object; @ 253
Event: 2.402 Thread 0x00000000195c4000 Uncommon trap: reason=bimorphic action=maybe_recompile pc=0x00000000033490ac method=java.util.HashMap.putVal(ILjava/lang/Object;Ljava/lang/Object;ZZ)Ljava/lang/Object; @ 253
Event: 2.402 Thread 0x00000000195c4000 Uncommon trap: reason=bimorphic action=maybe_recompile pc=0x000000000333f09c method=java.util.HashMap.putVal(ILjava/lang/Object;Ljava/lang/Object;ZZ)Ljava/lang/Object; @ 253
Event: 2.654 Thread 0x00000000195c4000 Uncommon trap: reason=class_check action=maybe_recompile pc=0x000000000337ed58 method=java.util.regex.Matcher.match(II)Z @ 86
Event: 2.668 Thread 0x00000000195c4000 Uncommon trap: reason=class_check action=maybe_recompile pc=0x000000000337ed58 method=java.util.regex.Matcher.match(II)Z @ 86
Event: 2.668 Thread 0x00000000195c4000 Uncommon trap: reason=class_check action=maybe_recompile pc=0x000000000337ed58 method=java.util.regex.Matcher.match(II)Z @ 86
Event: 2.668 Thread 0x00000000195c4000 Uncommon trap: reason=class_check action=maybe_recompile pc=0x000000000333c55c method=java.util.regex.Matcher.match(II)Z @ 86

Classes redefined (0 events):
No events

Internal exceptions (10 events):
Event: 2.332 Thread 0x00000000195a5800 Exception <a 'java/lang/NoSuchMethodError': <clinit>> (0x00000000e090eea0) thrown at [D:\src\AOSP-openjdk-cygwin\jdk8u\hotspot\src\share\vm\prims\jni.cpp, line 1613]
Event: 2.334 Thread 0x00000000195a5800 Exception <a 'java/lang/NoSuchMethodError': <clinit>> (0x00000000e09220b0) thrown at [D:\src\AOSP-openjdk-cygwin\jdk8u\hotspot\src\share\vm\prims\jni.cpp, line 1613]
Event: 2.337 Thread 0x00000000195a5800 Exception <a 'java/lang/NoSuchMethodError': <clinit>> (0x00000000e0948f48) thrown at [D:\src\AOSP-openjdk-cygwin\jdk8u\hotspot\src\share\vm\prims\jni.cpp, line 1613]
Event: 2.339 Thread 0x00000000195a5800 Exception <a 'java/lang/NoSuchMethodError': <clinit>> (0x00000000e0960b88) thrown at [D:\src\AOSP-openjdk-cygwin\jdk8u\hotspot\src\share\vm\prims\jni.cpp, line 1613]
Event: 2.339 Thread 0x00000000195a5800 Exception <a 'java/lang/NoSuchMethodError': <clinit>> (0x00000000e0969650) thrown at [D:\src\AOSP-openjdk-cygwin\jdk8u\hotspot\src\share\vm\prims\jni.cpp, line 1613]
Event: 2.341 Thread 0x00000000195a5800 Exception <a 'java/lang/NoSuchMethodError': <clinit>> (0x00000000e097f7f0) thrown at [D:\src\AOSP-openjdk-cygwin\jdk8u\hotspot\src\share\vm\prims\jni.cpp, line 1613]
Event: 2.349 Thread 0x00000000195a5800 Exception <a 'java/lang/NoSuchMethodError': <clinit>> (0x00000000e09dd048) thrown at [D:\src\AOSP-openjdk-cygwin\jdk8u\hotspot\src\share\vm\prims\jni.cpp, line 1613]
Event: 2.360 Thread 0x00000000195a5800 Exception <a 'java/lang/NoSuchMethodError': <clinit>> (0x00000000e0a09528) thrown at [D:\src\AOSP-openjdk-cygwin\jdk8u\hotspot\src\share\vm\prims\jni.cpp, line 1613]
Event: 2.370 Thread 0x00000000195a5800 Exception <a 'java/lang/NoSuchMethodError': <clinit>> (0x00000000e0a36928) thrown at [D:\src\AOSP-openjdk-cygwin\jdk8u\hotspot\src\share\vm\prims\jni.cpp, line 1613]
Event: 2.371 Thread 0x00000000195a5800 Exception <a 'java/lang/NoSuchMethodError': <clinit>> (0x00000000e0a41cf0) thrown at [D:\src\AOSP-openjdk-cygwin\jdk8u\hotspot\src\share\vm\prims\jni.cpp, line 1613]

Events (10 events):
Event: 2.814 loading class org/gradle/api/internal/artifacts/ivyservice/modulecache/SuppliedComponentMetadataSerializer
Event: 2.814 loading class org/gradle/api/internal/artifacts/ivyservice/modulecache/SuppliedComponentMetadataSerializer done
Event: 2.814 loading class org/gradle/internal/resolve/caching/ComponentMetadataRuleExecutor
Event: 2.814 loading class org/gradle/internal/resolve/caching/ComponentMetadataRuleExecutor done
Event: 2.815 loading class org/gradle/internal/resource/local/LocallyAvailableResourceFinder
Event: 2.815 loading class org/gradle/internal/resource/local/LocallyAvailableResourceFinder done
Event: 2.815 loading class org/gradle/api/internal/artifacts/ivyservice/ivyresolve/ResolverProviderFactory
Event: 2.815 loading class org/gradle/api/internal/artifacts/ivyservice/ivyresolve/ResolverProviderFactory done
Event: 2.816 loading class org/gradle/internal/component/external/model/ModuleComponentArtifactMetadata
Event: 2.816 loading class org/gradle/internal/component/external/model/ModuleComponentArtifactMetadata done


Dynamic libraries:
0x00007ff704490000 - 0x00007ff7044c1000 	C:\Program Files\Android\Android Studio\jre\bin\java.exe
0x00007ff820950000 - 0x00007ff820b31000 	C:\WINDOWS\SYSTEM32\ntdll.dll
0x00007ff820130000 - 0x00007ff8201e1000 	C:\WINDOWS\System32\KERNEL32.DLL
0x00007ff81d840000 - 0x00007ff81dab3000 	C:\WINDOWS\System32\KERNELBASE.dll
0x00007ff81fba0000 - 0x00007ff81fc41000 	C:\WINDOWS\System32\ADVAPI32.dll
0x00007ff81f6a0000 - 0x00007ff81f73e000 	C:\WINDOWS\System32\msvcrt.dll
0x00007ff8201f0000 - 0x00007ff82024b000 	C:\WINDOWS\System32\sechost.dll
0x00007ff81dfa0000 - 0x00007ff81e0c4000 	C:\WINDOWS\System32\RPCRT4.dll
0x00007ff81fd20000 - 0x00007ff81feb0000 	C:\WINDOWS\System32\USER32.dll
0x00007ff81d520000 - 0x00007ff81d540000 	C:\WINDOWS\System32\win32u.dll
0x00007ff820490000 - 0x00007ff8204b8000 	C:\WINDOWS\System32\GDI32.dll
0x00007ff81d5a0000 - 0x00007ff81d731000 	C:\WINDOWS\System32\gdi32full.dll
0x00007ff81cd20000 - 0x00007ff81cdbf000 	C:\WINDOWS\System32\msvcp_win.dll
0x00007ff81d740000 - 0x00007ff81d838000 	C:\WINDOWS\System32\ucrtbase.dll
0x00007ff80cae0000 - 0x00007ff80cd49000 	C:\WINDOWS\WinSxS\amd64_microsoft.windows.common-controls_6595b64144ccf1df_6.0.17134.885_none_fb42a3473065565f\COMCTL32.dll
0x00007ff81f810000 - 0x00007ff81fb32000 	C:\WINDOWS\System32\combase.dll
0x00007ff81dac0000 - 0x00007ff81db39000 	C:\WINDOWS\System32\bcryptPrimitives.dll
0x00007ff81fc50000 - 0x00007ff81fc7d000 	C:\WINDOWS\System32\IMM32.DLL
0x000000006a720000 - 0x000000006a7f2000 	C:\Program Files\Android\Android Studio\jre\jre\bin\msvcr100.dll
0x000000006a800000 - 0x000000006b041000 	C:\Program Files\Android\Android Studio\jre\jre\bin\server\jvm.dll
0x00007ff820010000 - 0x00007ff820018000 	C:\WINDOWS\System32\PSAPI.DLL
0x00007ff81a920000 - 0x00007ff81a943000 	C:\WINDOWS\SYSTEM32\WINMM.dll
0x00007ff80c9e0000 - 0x00007ff80c9e9000 	C:\WINDOWS\SYSTEM32\WSOCK32.dll
0x00007ff8159e0000 - 0x00007ff8159ea000 	C:\WINDOWS\SYSTEM32\VERSION.dll
0x00007ff8203c0000 - 0x00007ff82042c000 	C:\WINDOWS\System32\WS2_32.dll
0x00007ff81a8f0000 - 0x00007ff81a91a000 	C:\WINDOWS\SYSTEM32\WINMMBASE.dll
0x00007ff81cdc0000 - 0x00007ff81ce09000 	C:\WINDOWS\System32\cfgmgr32.dll
0x00007ff80c860000 - 0x00007ff80c86f000 	C:\Program Files\Android\Android Studio\jre\jre\bin\verify.dll
0x00007ff805af0000 - 0x00007ff805b19000 	C:\Program Files\Android\Android Studio\jre\jre\bin\java.dll
0x00007ff80c500000 - 0x00007ff80c516000 	C:\Program Files\Android\Android Studio\jre\jre\bin\zip.dll
0x00007ff81e250000 - 0x00007ff81f690000 	C:\WINDOWS\System32\SHELL32.dll
0x00007ff820080000 - 0x00007ff820129000 	C:\WINDOWS\System32\shcore.dll
0x00007ff81ce10000 - 0x00007ff81d51d000 	C:\WINDOWS\System32\windows.storage.dll
0x00007ff81fb40000 - 0x00007ff81fb91000 	C:\WINDOWS\System32\shlwapi.dll
0x00007ff81cce0000 - 0x00007ff81ccf1000 	C:\WINDOWS\System32\kernel.appcore.dll
0x00007ff81ccc0000 - 0x00007ff81ccdf000 	C:\WINDOWS\System32\profapi.dll
0x00007ff81cc70000 - 0x00007ff81ccbc000 	C:\WINDOWS\System32\powrprof.dll
0x00007ff81cc60000 - 0x00007ff81cc6a000 	C:\WINDOWS\System32\FLTLIB.DLL
0x00007ff80a470000 - 0x00007ff80a48a000 	C:\Program Files\Android\Android Studio\jre\jre\bin\net.dll
0x00007ff81c4e0000 - 0x00007ff81c546000 	C:\WINDOWS\system32\mswsock.dll
0x00007ff809da0000 - 0x00007ff809db1000 	C:\Program Files\Android\Android Studio\jre\jre\bin\nio.dll
0x00007ff813960000 - 0x00007ff81397e000 	C:\Users\Deadpool\.gradle\native\25\windows-amd64\native-platform.dll
0x00007ff80b930000 - 0x00007ff80b93d000 	C:\Program Files\Android\Android Studio\jre\jre\bin\management.dll
0x00007ff81c690000 - 0x00007ff81c6a7000 	C:\WINDOWS\SYSTEM32\CRYPTSP.dll
0x00007ff81c0d0000 - 0x00007ff81c103000 	C:\WINDOWS\system32\rsaenh.dll
0x00007ff81c7c0000 - 0x00007ff81c7e5000 	C:\WINDOWS\SYSTEM32\bcrypt.dll
0x00007ff81cb90000 - 0x00007ff81cbb8000 	C:\WINDOWS\SYSTEM32\USERENV.dll
0x00007ff81c6b0000 - 0x00007ff81c6bb000 	C:\WINDOWS\SYSTEM32\CRYPTBASE.dll
0x00007ff81c270000 - 0x00007ff81c2a8000 	C:\WINDOWS\SYSTEM32\IPHLPAPI.DLL
0x00007ff81f690000 - 0x00007ff81f698000 	C:\WINDOWS\System32\NSI.dll
0x00007ff816310000 - 0x00007ff816326000 	C:\WINDOWS\SYSTEM32\dhcpcsvc6.DLL
0x00007ff816350000 - 0x00007ff81636a000 	C:\WINDOWS\SYSTEM32\dhcpcsvc.DLL

VM Arguments:
jvm_args: -Xmx1536m -Dfile.encoding=windows-1252 -Duser.country=US -Duser.language=en -Duser.variant 
java_command: org.gradle.launcher.daemon.bootstrap.GradleDaemon 5.1.1
java_class_path (initial): C:\Users\Deadpool\.gradle\wrapper\dists\gradle-5.1.1-all\97z1ksx6lirer3kbvdnh7jtjg\gradle-5.1.1\lib\gradle-launcher-5.1.1.jar
Launcher Type: SUN_STANDARD

Environment Variables:
PATH=C:\Program Files (x86)\Common Files\Intel\Shared Files\cpp\bin\Intel64;C:\WINDOWS\system32;C:\WINDOWS;C:\WINDOWS\System32\Wbem;C:\WINDOWS\System32\WindowsPowerShell\v1.0\;C:\Program Files\Microsoft\Web Platform Installer\;C:\Program Files (x86)\Microsoft ASP.NET\ASP.NET Web Pages\v1.0\;C:\Program Files\Microsoft SQL Server\110\Tools\Binn\;C:\WINDOWS\System32\OpenSSH\;C:\Program Files (x86)\Common Files\Intel\Shared Files\cpp\bin\Intel64;C:\Windows\system32;C:\Windows;C:\Windows\System32\Wbem;C:\Windows\System32\WindowsPowerShell\v1.0\;C:\Program Files\Microsoft\Web Platform Installer\;C:\Program Files (x86)\Microsoft ASP.NET\ASP.NET Web Pages\v1.0\;C:\Program Files (x86)\Windows Kits\8.0\Windows Performance Toolkit\;C:\Program Files\Microsoft SQL Server\110\Tools\Binn\;C:\Users\Deadpool\AppData\Local\Microsoft\WindowsApps;C:\Users\Deadpool\AppData\Local\Microsoft\WindowsApps;
USERNAME=Deadpool
OS=Windows_NT
PROCESSOR_IDENTIFIER=Intel64 Family 6 Model 61 Stepping 4, GenuineIntel



---------------  S Y S T E M  ---------------

OS: Windows 10.0 , 64 bit Build 17134 (10.0.17134.753)

CPU:total 4 (initial active 4) (2 cores per cpu, 2 threads per core) family 6 model 61 stepping 4, cmov, cx8, fxsr, mmx, sse, sse2, sse3, ssse3, sse4.1, sse4.2, popcnt, avx, avx2, aes, clmul, erms, 3dnowpref, lzcnt, ht, tsc, tscinvbit, bmi1, bmi2, adx

Memory: 4k page, physical 4106712k(378700k free), swap 16689624k(5128k free)

vm_info: OpenJDK 64-Bit Server VM (25.152-b01) for windows-amd64 JRE (1.8.0_152-release-1343-b01), built by "builder" with MS VC++ 10.0 (VS2010)

time: Sun Jul 28 23:54:36 2019
elapsed time: 2 seconds (0d 0h 0m 2s)

